13747500:icmp<-add;br<-icmp
7753500:add<-add;icmp<-add
7494000:getelementptr<-add;load<-getelementptr
6555042:br<-icmp;getelementptr<-add
5994000:add<-load;icmp<-add
5994000:load<-getelementptr;add<-load
5488008:load<-getelementptr;icmp<-load
4988008:icmp<-load;br<-icmp
4973257:br<-icmp;add<-add
4488008:zext<-add;getelementptr<-zext
4488008:br<-icmp;zext<-add
4488008:getelementptr<-zext;getelementptr<-zext
4488008:getelementptr<-zext;load<-getelementptr
3000000:br<-icmp;br<-icmp
2562042:getelementptr<-add;getelementptr<-add
1500000:zext<-add;icmp<-add
1500000:icmp<-add;zext<-add
1218201:select<-icmp;select<-icmp
1218201:icmp<-add;select<-icmp
1218201:add<-zext;add<-add
